  PluginBase.cpp
  正在生成代码...
  正在编译...
  PinHelper.cpp
d:\code\mycode\dataflowplugin\captureplugin\pinhelper.cpp(11): warning C4477: “printf”: 格式字符串“%s”需要类型“char *”的参数，但可变参数 3 拥有了类型“TCHAR *”
  d:\code\mycode\dataflowplugin\captureplugin\pinhelper.cpp(11): note: 请考虑在格式字符串中使用“%ls”
  d:\code\mycode\dataflowplugin\captureplugin\pinhelper.cpp(11): note: 请考虑在格式字符串中使用“%lls”
  d:\code\mycode\dataflowplugin\captureplugin\pinhelper.cpp(11): note: 请考虑在格式字符串中使用“%Ls”
  d:\code\mycode\dataflowplugin\captureplugin\pinhelper.cpp(11): note: 请考虑在格式字符串中使用“%ws”
d:\code\mycode\dataflowplugin\captureplugin\pinhelper.cpp(11): warning C4477: “printf”: 格式字符串“%s”需要类型“char *”的参数，但可变参数 4 拥有了类型“TCHAR *”
  d:\code\mycode\dataflowplugin\captureplugin\pinhelper.cpp(11): note: 请考虑在格式字符串中使用“%ls”
  d:\code\mycode\dataflowplugin\captureplugin\pinhelper.cpp(11): note: 请考虑在格式字符串中使用“%lls”
  d:\code\mycode\dataflowplugin\captureplugin\pinhelper.cpp(11): note: 请考虑在格式字符串中使用“%Ls”
  d:\code\mycode\dataflowplugin\captureplugin\pinhelper.cpp(11): note: 请考虑在格式字符串中使用“%ws”
d:\code\mycode\dataflowplugin\captureplugin\pinhelper.cpp(14): warning C4477: “printf”: 格式字符串“%s”需要类型“char *”的参数，但可变参数 3 拥有了类型“TCHAR *”
  d:\code\mycode\dataflowplugin\captureplugin\pinhelper.cpp(14): note: 请考虑在格式字符串中使用“%ls”
  d:\code\mycode\dataflowplugin\captureplugin\pinhelper.cpp(14): note: 请考虑在格式字符串中使用“%lls”
  d:\code\mycode\dataflowplugin\captureplugin\pinhelper.cpp(14): note: 请考虑在格式字符串中使用“%Ls”
  d:\code\mycode\dataflowplugin\captureplugin\pinhelper.cpp(14): note: 请考虑在格式字符串中使用“%ws”
  DShowHelper.cpp
d:\code\mycode\dataflowplugin\captureplugin\dshowhelper.cpp(62): warning C4477: “printf”: 格式字符串“%ld”需要类型“long”的参数，但可变参数 11 拥有了类型“GUID”
  DShowCapture.cpp
d:\code\mycode\dataflowplugin\captureplugin\dshowcapture.cpp(78): warning C4477: “printf”: 格式字符串“%s”需要类型“char *”的参数，但可变参数 2 拥有了类型“const wchar_t *”
  d:\code\mycode\dataflowplugin\captureplugin\dshowcapture.cpp(78): note: 请考虑在格式字符串中使用“%ls”
  d:\code\mycode\dataflowplugin\captureplugin\dshowcapture.cpp(78): note: 请考虑在格式字符串中使用“%lls”
  d:\code\mycode\dataflowplugin\captureplugin\dshowcapture.cpp(78): note: 请考虑在格式字符串中使用“%Ls”
  d:\code\mycode\dataflowplugin\captureplugin\dshowcapture.cpp(78): note: 请考虑在格式字符串中使用“%ws”
d:\code\mycode\dataflowplugin\captureplugin\dshowcapture.cpp(141): warning C4477: “printf”: 格式字符串“%s”需要类型“char *”的参数，但可变参数 2 拥有了类型“const wchar_t *”
  d:\code\mycode\dataflowplugin\captureplugin\dshowcapture.cpp(141): note: 请考虑在格式字符串中使用“%ls”
  d:\code\mycode\dataflowplugin\captureplugin\dshowcapture.cpp(141): note: 请考虑在格式字符串中使用“%lls”
  d:\code\mycode\dataflowplugin\captureplugin\dshowcapture.cpp(141): note: 请考虑在格式字符串中使用“%Ls”
  d:\code\mycode\dataflowplugin\captureplugin\dshowcapture.cpp(141): note: 请考虑在格式字符串中使用“%ws”
d:\code\mycode\dataflowplugin\captureplugin\dshowcapture.cpp(211): warning C4477: “printf”: 格式字符串“%s”需要类型“char *”的参数，但可变参数 2 拥有了类型“BSTR”
  d:\code\mycode\dataflowplugin\captureplugin\dshowcapture.cpp(211): note: 请考虑在格式字符串中使用“%ls”
  d:\code\mycode\dataflowplugin\captureplugin\dshowcapture.cpp(211): note: 请考虑在格式字符串中使用“%lls”
  d:\code\mycode\dataflowplugin\captureplugin\dshowcapture.cpp(211): note: 请考虑在格式字符串中使用“%Ls”
  d:\code\mycode\dataflowplugin\captureplugin\dshowcapture.cpp(211): note: 请考虑在格式字符串中使用“%ws”
  Capture.cpp
  正在生成代码...
d:\code\mycode\dataflowplugin\captureplugin\dshowcapture.cpp(64): warning C4715: “DShowCapture::Stop”: 不是所有的控件路径都返回值
  CapturePlugin.vcxproj -> D:\code\mycode\DataFlowPlugin\Debug\CapturePlugin.lib
