d:\code\mycode\dataflowplugin\captureplugin\debug\captureplugin.pdb
d:\code\mycode\dataflowplugin\captureplugin\debug\captureplugin.idb
d:\code\mycode\dataflowplugin\captureplugin\debug\pluginbase.obj
d:\code\mycode\dataflowplugin\captureplugin\debug\vc140.pdb
d:\code\mycode\dataflowplugin\captureplugin\debug\vc140.idb
d:\code\mycode\dataflowplugin\captureplugin\debug\capture.obj
d:\code\mycode\dataflowplugin\captureplugin\debug\stdafx.obj
d:\code\mycode\dataflowplugin\captureplugin\debug\dshowcapture.obj
d:\code\mycode\dataflowplugin\captureplugin\debug\dshowhelper.obj
d:\code\mycode\dataflowplugin\captureplugin\debug\pinhelper.obj
d:\code\mycode\dataflowplugin\debug\captureplugin.lib
d:\code\mycode\dataflowplugin\debug\captureplugin.ilk
d:\code\mycode\dataflowplugin\debug\captureplugin.dll
d:\code\mycode\dataflowplugin\debug\captureplugin.pdb
d:\code\mycode\dataflowplugin\captureplugin\debug\captureplugin.tlog\captureplugin.write.1u.tlog
d:\code\mycode\dataflowplugin\captureplugin\debug\captureplugin.tlog\cl.command.1.tlog
d:\code\mycode\dataflowplugin\captureplugin\debug\captureplugin.tlog\cl.read.1.tlog
d:\code\mycode\dataflowplugin\captureplugin\debug\captureplugin.tlog\cl.write.1.tlog
d:\code\mycode\dataflowplugin\captureplugin\debug\captureplugin.tlog\lib-link.read.1.tlog
d:\code\mycode\dataflowplugin\captureplugin\debug\captureplugin.tlog\lib-link.write.1.tlog
d:\code\mycode\dataflowplugin\captureplugin\debug\captureplugin.tlog\lib.command.1.tlog
d:\code\mycode\dataflowplugin\captureplugin\debug\captureplugin.tlog\link.command.1.tlog
d:\code\mycode\dataflowplugin\captureplugin\debug\captureplugin.tlog\link.read.1.tlog
d:\code\mycode\dataflowplugin\captureplugin\debug\captureplugin.tlog\link.write.1.tlog
