d:\code\mycode\dataflowplugin\dataflowplugin\debug\dataflowplugin.pch
d:\code\mycode\dataflowplugin\dataflowplugin\debug\vc140.pdb
d:\code\mycode\dataflowplugin\dataflowplugin\debug\vc140.idb
d:\code\mycode\dataflowplugin\dataflowplugin\debug\stdafx.obj
d:\code\mycode\dataflowplugin\dataflowplugin\debug\dataflowplugin.obj
d:\code\mycode\dataflowplugin\debug\dataflowplugin.lib
d:\code\mycode\dataflowplugin\debug\dataflowplugin.exp
d:\code\mycode\dataflowplugin\debug\dataflowplugin.pdb
d:\code\mycode\dataflowplugin\dataflowplugin\debug\dataflowplugin.tlog\cl.command.1.tlog
d:\code\mycode\dataflowplugin\dataflowplugin\debug\dataflowplugin.tlog\cl.read.1.tlog
d:\code\mycode\dataflowplugin\dataflowplugin\debug\dataflowplugin.tlog\cl.write.1.tlog
d:\code\mycode\dataflowplugin\dataflowplugin\debug\dataflowplugin.tlog\dataflowplugin.write.1u.tlog
d:\code\mycode\dataflowplugin\dataflowplugin\debug\dataflowplugin.tlog\link-cvtres.read.1.tlog
d:\code\mycode\dataflowplugin\dataflowplugin\debug\dataflowplugin.tlog\link-cvtres.write.1.tlog
d:\code\mycode\dataflowplugin\dataflowplugin\debug\dataflowplugin.tlog\link-rc.read.1.tlog
d:\code\mycode\dataflowplugin\dataflowplugin\debug\dataflowplugin.tlog\link-rc.write.1.tlog
d:\code\mycode\dataflowplugin\dataflowplugin\debug\dataflowplugin.tlog\link.26468-cvtres.read.1.tlog
d:\code\mycode\dataflowplugin\dataflowplugin\debug\dataflowplugin.tlog\link.26468-cvtres.write.1.tlog
d:\code\mycode\dataflowplugin\dataflowplugin\debug\dataflowplugin.tlog\link.26468-rc.read.1.tlog
d:\code\mycode\dataflowplugin\dataflowplugin\debug\dataflowplugin.tlog\link.26468-rc.write.1.tlog
d:\code\mycode\dataflowplugin\dataflowplugin\debug\dataflowplugin.tlog\link.26468.read.1.tlog
d:\code\mycode\dataflowplugin\dataflowplugin\debug\dataflowplugin.tlog\link.26468.write.1.tlog
d:\code\mycode\dataflowplugin\dataflowplugin\debug\dataflowplugin.tlog\link.command.1.tlog
d:\code\mycode\dataflowplugin\dataflowplugin\debug\dataflowplugin.tlog\link.read.1.tlog
d:\code\mycode\dataflowplugin\dataflowplugin\debug\dataflowplugin.tlog\link.write.1.tlog
